\BOOKMARK [-1][]{Front Matter.-1}{\376\377\000F\000r\000o\000n\000t\000\040\000M\000a\000t\000t\000e\000r}{}% 1
\BOOKMARK [0][-]{Boilerplate.0}{\376\377\000B\000o\000i\000l\000e\000r\000p\000l\000a\000t\000e}{Front Matter.-1}% 2
\BOOKMARK [0][-]{TransNote1.0}{\376\377\000T\000r\000a\000n\000s\000c\000r\000i\000b\000e\000r\000'\000s\000\040\000N\000o\000t\000e}{Front Matter.-1}% 3
\BOOKMARK [0][-]{Preface.0}{\376\377\000P\000r\000e\000f\000a\000c\000e}{Front Matter.-1}% 4
\BOOKMARK [0][-]{Prologue.0}{\376\377\000P\000r\000o\000l\000o\000g\000u\000e}{Front Matter.-1}% 5
\BOOKMARK [-1][]{Main Matter.-1}{\376\377\000M\000a\000i\000n\000\040\000M\000a\000t\000t\000e\000r}{}% 6
\BOOKMARK [0][-]{Chapter I.0}{\376\377\000C\000h\000a\000p\000t\000e\000r\000\040\000I}{Main Matter.-1}% 7
\BOOKMARK [0][-]{Chapter II.0}{\376\377\000C\000h\000a\000p\000t\000e\000r\000\040\000I\000I}{Main Matter.-1}% 8
\BOOKMARK [0][-]{Chapter III.0}{\376\377\000C\000h\000a\000p\000t\000e\000r\000\040\000I\000I\000I}{Main Matter.-1}% 9
\BOOKMARK [1][-]{How to read Differentials..1}{\376\377\000H\000o\000w\000\040\000t\000o\000\040\000r\000e\000a\000d\000\040\000D\000i\000f\000f\000e\000r\000e\000n\000t\000i\000a\000l\000s\000.}{Chapter III.0}% 10
\BOOKMARK [0][-]{Chapter IV.0}{\376\377\000C\000h\000a\000p\000t\000e\000r\000\040\000I\000V}{Main Matter.-1}% 11
\BOOKMARK [1][-]{Exercises I.1}{\376\377\000E\000x\000e\000r\000c\000i\000s\000e\000s\000\040\000I}{Chapter IV.0}% 12
\BOOKMARK [0][-]{Chapter V.0}{\376\377\000C\000h\000a\000p\000t\000e\000r\000\040\000V}{Main Matter.-1}% 13
\BOOKMARK [1][-]{Exercises II.1}{\376\377\000E\000x\000e\000r\000c\000i\000s\000e\000s\000\040\000I\000I}{Chapter V.0}% 14
\BOOKMARK [0][-]{Chapter VI.0}{\376\377\000C\000h\000a\000p\000t\000e\000r\000\040\000V\000I}{Main Matter.-1}% 15
\BOOKMARK [1][-]{Exercises III.1}{\376\377\000E\000x\000e\000r\000c\000i\000s\000e\000s\000\040\000I\000I\000I}{Chapter VI.0}% 16
\BOOKMARK [0][-]{Chapter VII.0}{\376\377\000C\000h\000a\000p\000t\000e\000r\000\040\000V\000I\000I}{Main Matter.-1}% 17
\BOOKMARK [1][-]{Exercises IV.1}{\376\377\000E\000x\000e\000r\000c\000i\000s\000e\000s\000\040\000I\000V}{Chapter VII.0}% 18
\BOOKMARK [0][-]{Chapter VIII.0}{\376\377\000C\000h\000a\000p\000t\000e\000r\000\040\000V\000I\000I\000I}{Main Matter.-1}% 19
\BOOKMARK [1][-]{Exercises V.1}{\376\377\000E\000x\000e\000r\000c\000i\000s\000e\000s\000\040\000V}{Chapter VIII.0}% 20
\BOOKMARK [0][-]{Chapter IX.0}{\376\377\000C\000h\000a\000p\000t\000e\000r\000\040\000I\000X}{Main Matter.-1}% 21
\BOOKMARK [1][-]{Exercises VI.1}{\376\377\000E\000x\000e\000r\000c\000i\000s\000e\000s\000\040\000V\000I}{Chapter IX.0}% 22
\BOOKMARK [1][-]{Exercises VII.1}{\376\377\000E\000x\000e\000r\000c\000i\000s\000e\000s\000\040\000V\000I\000I}{Chapter IX.0}% 23
\BOOKMARK [0][-]{Chapter X.0}{\376\377\000C\000h\000a\000p\000t\000e\000r\000\040\000X}{Main Matter.-1}% 24
\BOOKMARK [1][-]{Exercises VIII.1}{\376\377\000E\000x\000e\000r\000c\000i\000s\000e\000s\000\040\000V\000I\000I\000I}{Chapter X.0}% 25
\BOOKMARK [0][-]{Chapter XI.0}{\376\377\000C\000h\000a\000p\000t\000e\000r\000\040\000X\000I}{Main Matter.-1}% 26
\BOOKMARK [1][-]{Exercises IX.1}{\376\377\000E\000x\000e\000r\000c\000i\000s\000e\000s\000\040\000I\000X}{Chapter XI.0}% 27
\BOOKMARK [0][-]{Chapter XII.0}{\376\377\000C\000h\000a\000p\000t\000e\000r\000\040\000X\000I\000I}{Main Matter.-1}% 28
\BOOKMARK [1][-]{Exercises X.1}{\376\377\000E\000x\000e\000r\000c\000i\000s\000e\000s\000\040\000X}{Chapter XII.0}% 29
\BOOKMARK [0][-]{Chapter XIII.0}{\376\377\000C\000h\000a\000p\000t\000e\000r\000\040\000X\000I\000I\000I}{Main Matter.-1}% 30
\BOOKMARK [1][-]{Partial Fractions..1}{\376\377\000P\000a\000r\000t\000i\000a\000l\000\040\000F\000r\000a\000c\000t\000i\000o\000n\000s\000.}{Chapter XIII.0}% 31
\BOOKMARK [1][-]{Exercises XI.1}{\376\377\000E\000x\000e\000r\000c\000i\000s\000e\000s\000\040\000X\000I}{Chapter XIII.0}% 32
\BOOKMARK [1][-]{Differential of an Inverse Function..1}{\376\377\000D\000i\000f\000f\000e\000r\000e\000n\000t\000i\000a\000l\000\040\000o\000f\000\040\000a\000n\000\040\000I\000n\000v\000e\000r\000s\000e\000\040\000F\000u\000n\000c\000t\000i\000o\000n\000.}{Chapter XIII.0}% 33
\BOOKMARK [0][-]{Chapter XIV.0}{\376\377\000C\000h\000a\000p\000t\000e\000r\000\040\000X\000I\000V}{Main Matter.-1}% 34
\BOOKMARK [1][-]{Exercises XII.1}{\376\377\000E\000x\000e\000r\000c\000i\000s\000e\000s\000\040\000X\000I\000I}{Chapter XIV.0}% 35
\BOOKMARK [1][-]{The Logarithmic Curve..1}{\376\377\000T\000h\000e\000\040\000L\000o\000g\000a\000r\000i\000t\000h\000m\000i\000c\000\040\000C\000u\000r\000v\000e\000.}{Chapter XIV.0}% 36
\BOOKMARK [1][-]{The Die-away Curve..1}{\376\377\000T\000h\000e\000\040\000D\000i\000e\000-\000a\000w\000a\000y\000\040\000C\000u\000r\000v\000e\000.}{Chapter XIV.0}% 37
\BOOKMARK [1][-]{Exercises XIII.1}{\376\377\000E\000x\000e\000r\000c\000i\000s\000e\000s\000\040\000X\000I\000I\000I}{Chapter XIV.0}% 38
\BOOKMARK [0][-]{Chapter XV.0}{\376\377\000C\000h\000a\000p\000t\000e\000r\000\040\000X\000V}{Main Matter.-1}% 39
\BOOKMARK [1][-]{Second Differential Coefficient of Sine or Cosine..1}{\376\377\000S\000e\000c\000o\000n\000d\000\040\000D\000i\000f\000f\000e\000r\000e\000n\000t\000i\000a\000l\000\040\000C\000o\000e\000f\000f\000i\000c\000i\000e\000n\000t\000\040\000o\000f\000\040\000S\000i\000n\000e\000\040\000o\000r\000\040\000C\000o\000s\000i\000n\000e\000.}{Chapter XV.0}% 40
\BOOKMARK [1][-]{Exercises XIV.1}{\376\377\000E\000x\000e\000r\000c\000i\000s\000e\000s\000\040\000X\000I\000V}{Chapter XV.0}% 41
\BOOKMARK [0][-]{Chapter XVI.0}{\376\377\000C\000h\000a\000p\000t\000e\000r\000\040\000X\000V\000I}{Main Matter.-1}% 42
\BOOKMARK [1][-]{Maxima and Minima of Functions of two Independent Variables..1}{\376\377\000M\000a\000x\000i\000m\000a\000\040\000a\000n\000d\000\040\000M\000i\000n\000i\000m\000a\000\040\000o\000f\000\040\000F\000u\000n\000c\000t\000i\000o\000n\000s\000\040\000o\000f\000\040\000t\000w\000o\000\040\000I\000n\000d\000e\000p\000e\000n\000d\000e\000n\000t\000\040\000V\000a\000r\000i\000a\000b\000l\000e\000s\000.}{Chapter XVI.0}% 43
\BOOKMARK [1][-]{Exercises XV.1}{\376\377\000E\000x\000e\000r\000c\000i\000s\000e\000s\000\040\000X\000V}{Chapter XVI.0}% 44
\BOOKMARK [0][-]{Chapter XVII.0}{\376\377\000C\000h\000a\000p\000t\000e\000r\000\040\000X\000V\000I\000I}{Main Matter.-1}% 45
\BOOKMARK [1][-]{Slopes of Curves, and the Curves themselves..1}{\376\377\000S\000l\000o\000p\000e\000s\000\040\000o\000f\000\040\000C\000u\000r\000v\000e\000s\000,\000\040\000a\000n\000d\000\040\000t\000h\000e\000\040\000C\000u\000r\000v\000e\000s\000\040\000t\000h\000e\000m\000s\000e\000l\000v\000e\000s\000.}{Chapter XVII.0}% 46
\BOOKMARK [1][-]{Exercises XVI.1}{\376\377\000E\000x\000e\000r\000c\000i\000s\000e\000s\000\040\000X\000V\000I}{Chapter XVII.0}% 47
\BOOKMARK [0][-]{Chapter XVIII.0}{\376\377\000C\000h\000a\000p\000t\000e\000r\000\040\000X\000V\000I\000I\000I}{Main Matter.-1}% 48
\BOOKMARK [1][-]{Integration of the Sum or Difference of two Functions..1}{\376\377\000I\000n\000t\000e\000g\000r\000a\000t\000i\000o\000n\000\040\000o\000f\000\040\000t\000h\000e\000\040\000S\000u\000m\000\040\000o\000r\000\040\000D\000i\000f\000f\000e\000r\000e\000n\000c\000e\000\040\000o\000f\000\040\000t\000w\000o\000\040\000F\000u\000n\000c\000t\000i\000o\000n\000s\000.}{Chapter XVIII.0}% 49
\BOOKMARK [1][-]{How to deal with Constant Terms..1}{\376\377\000H\000o\000w\000\040\000t\000o\000\040\000d\000e\000a\000l\000\040\000w\000i\000t\000h\000\040\000C\000o\000n\000s\000t\000a\000n\000t\000\040\000T\000e\000r\000m\000s\000.}{Chapter XVIII.0}% 50
\BOOKMARK [1][-]{Some other Integrals..1}{\376\377\000S\000o\000m\000e\000\040\000o\000t\000h\000e\000r\000\040\000I\000n\000t\000e\000g\000r\000a\000l\000s\000.}{Chapter XVIII.0}% 51
\BOOKMARK [1][-]{On Double and Triple Integrals..1}{\376\377\000O\000n\000\040\000D\000o\000u\000b\000l\000e\000\040\000a\000n\000d\000\040\000T\000r\000i\000p\000l\000e\000\040\000I\000n\000t\000e\000g\000r\000a\000l\000s\000.}{Chapter XVIII.0}% 52
\BOOKMARK [1][-]{Exercises XVII.1}{\376\377\000E\000x\000e\000r\000c\000i\000s\000e\000s\000\040\000X\000V\000I\000I}{Chapter XVIII.0}% 53
\BOOKMARK [0][-]{Chapter XIX.0}{\376\377\000C\000h\000a\000p\000t\000e\000r\000\040\000X\000I\000X}{Main Matter.-1}% 54
\BOOKMARK [1][-]{Areas in Polar Coordinates..1}{\376\377\000A\000r\000e\000a\000s\000\040\000i\000n\000\040\000P\000o\000l\000a\000r\000\040\000C\000o\000o\000r\000d\000i\000n\000a\000t\000e\000s\000.}{Chapter XIX.0}% 55
\BOOKMARK [1][-]{Volumes by Integration..1}{\376\377\000V\000o\000l\000u\000m\000e\000s\000\040\000b\000y\000\040\000I\000n\000t\000e\000g\000r\000a\000t\000i\000o\000n\000.}{Chapter XIX.0}% 56
\BOOKMARK [1][-]{On Quadratic Means..1}{\376\377\000O\000n\000\040\000Q\000u\000a\000d\000r\000a\000t\000i\000c\000\040\000M\000e\000a\000n\000s\000.}{Chapter XIX.0}% 57
\BOOKMARK [1][-]{Exercises XVIII.1}{\376\377\000E\000x\000e\000r\000c\000i\000s\000e\000s\000\040\000X\000V\000I\000I\000I}{Chapter XIX.0}% 58
\BOOKMARK [0][-]{Chapter XX.0}{\376\377\000C\000h\000a\000p\000t\000e\000r\000\040\000X\000X}{Main Matter.-1}% 59
\BOOKMARK [1][-]{Exercises XIX.1}{\376\377\000E\000x\000e\000r\000c\000i\000s\000e\000s\000\040\000X\000I\000X}{Chapter XX.0}% 60
\BOOKMARK [0][-]{Chapter XXI.0}{\376\377\000C\000h\000a\000p\000t\000e\000r\000\040\000X\000X\000I}{Main Matter.-1}% 61
\BOOKMARK [-1][]{Back Matter.-1}{\376\377\000B\000a\000c\000k\000\040\000M\000a\000t\000t\000e\000r}{}% 62
\BOOKMARK [0][-]{Epilogue and Apologue.0}{\376\377\000E\000p\000i\000l\000o\000g\000u\000e\000\040\000a\000n\000d\000\040\000A\000p\000o\000l\000o\000g\000u\000e}{Back Matter.-1}% 63
\BOOKMARK [0][-]{Table of Standard Forms.0}{\376\377\000T\000a\000b\000l\000e\000\040\000o\000f\000\040\000S\000t\000a\000n\000d\000a\000r\000d\000\040\000F\000o\000r\000m\000s}{Back Matter.-1}% 64
\BOOKMARK [0][-]{Answers.0}{\376\377\000A\000n\000s\000w\000e\000r\000s}{Back Matter.-1}% 65
\BOOKMARK [0][-]{Catalogue.0}{\376\377\000C\000a\000t\000a\000l\000o\000g\000u\000e}{Back Matter.-1}% 66
\BOOKMARK [0][-]{TransNote2.0}{\376\377\000T\000r\000a\000n\000s\000c\000r\000i\000b\000e\000r\000'\000s\000\040\000N\000o\000t\000e}{Back Matter.-1}% 67
\BOOKMARK [0][-]{License.0}{\376\377\000L\000i\000c\000e\000n\000s\000e}{Back Matter.-1}% 68
